# JRE version: OpenJDK Runtime Environment Temurin-25.0.1+8 (25.0.1+8) (build 25.0.1+8-LTS)
# Java VM: OpenJDK 64-Bit Server VM Temurin-25.0.1+8 (25.0.1+8-LTS, mixed mode, sharing, tiered, compressed oops, compressed class ptrs, parallel gc, windows-amd64)
GC Precious Log:
 CardTable entry size: 512
 CPUs: 4 total, 4 available
 Memory: 7843M
 Large Page Support: Disabled
 NUMA Support: Disabled
 Compressed Oops: Enabled (32-bit)
 Alignments: Space 512K, Generation 512K, Heap 2M
 Heap Min Capacity: 100M
 Heap Initial Capacity: 100M
 Heap Max Capacity: 2G
 Pre-touch: Disabled
 Parallel Workers: 4
Heap:
 PSYoungGen      total 29696K, used 26415K [0x00000000d5580000, 0x00000000d7800000, 0x0000000100000000)
  eden space 24064K, 86% used [0x00000000d5580000,0x00000000d69ea4f8,0x00000000d6d00000)
  from space 5632K, 97% used [0x00000000d6d80000,0x00000000d72e19e0,0x00000000d7300000)
  to   space 5120K, 0% used [0x00000000d7300000,0x00000000d7300000,0x00000000d7800000)
 ParOldGen       total 68608K, used 8828K [0x0000000080000000, 0x0000000084300000, 0x00000000d5580000)
  object space 68608K, 12% used [0x0000000080000000,0x000000008089f088,0x0000000084300000)
GC Heap Usage History (14 events):
Event: 3.113 {heap Before GC invocations=1 (full 0):
 PSYoungGen      total 29696K, used 25600K [0x00000000d5580000, 0x00000000d7680000, 0x0000000100000000)
  eden space 25600K, 100% used [0x00000000d5580000,0x00000000d6e80000,0x00000000d6e80000)
  from space 4096K, 0% used [0x00000000d7280000,0x00000000d7280000,0x00000000d7680000)
  to   space 4096K, 0% used [0x00000000d6e80000,0x00000000d6e80000,0x00000000d7280000)
 ParOldGen       total 68608K, used 1171K [0x0000000080000000, 0x0000000084300000, 0x00000000d5580000)
Event: 3.378 {heap After GC invocations=1 (full 0):
 PSYoungGen      total 29696K, used 3052K [0x00000000d5580000, 0x00000000d7680000, 0x0000000100000000)
  eden space 25600K, 0% used [0x00000000d5580000,0x00000000d5580000,0x00000000d6e80000)
  from space 4096K, 74% used [0x00000000d6e80000,0x00000000d717b278,0x00000000d7280000)
  to   space 4096K, 0% used [0x00000000d7280000,0x00000000d7280000,0x00000000d7680000)
 ParOldGen       total 68608K, used 1179K [0x0000000080000000, 0x0000000084300000, 0x00000000d5580000)
  oEvent: 4.971 {heap Before GC invocations=2 (full 0):
 PSYoungGen      total 29696K, used 28652K [0x00000000d5580000, 0x00000000d7680000, 0x0000000100000000)
  eden space 25600K, 100% used [0x00000000d5580000,0x00000000d6e80000,0x00000000d6e80000)
  from space 4096K, 74% used [0x00000000d6e80000,0x00000000d717b278,0x00000000d7280000)
  to   space 4096K, 0% used [0x00000000d7280000,0x00000000d7280000,0x00000000d7680000)
 ParOldGen       total 68608K, used 1179K [0x0000000080000000, 0x0000000084300000, 0x00000000d5580000)Event: 4.978 {heap After GC invocations=2 (full 0):
 PSYoungGen      total 29696K, used 3672K [0x00000000d5580000, 0x00000000d7680000, 0x0000000100000000)
  eden space 25600K, 0% used [0x00000000d5580000,0x00000000d5580000,0x00000000d6e80000)
  from space 4096K, 89% used [0x00000000d7280000,0x00000000d7616118,0x00000000d7680000)
  to   space 4096K, 0% used [0x00000000d6e80000,0x00000000d6e80000,0x00000000d7280000)
 ParOldGen       total 68608K, used 1187K [0x0000000080000000, 0x0000000084300000, 0x00000000d5580000)
  oEvent: 6.900 {heap Before GC invocations=3 (full 0):
 PSYoungGen      total 29696K, used 29272K [0x00000000d5580000, 0x00000000d7680000, 0x0000000100000000)
  eden space 25600K, 100% used [0x00000000d5580000,0x00000000d6e80000,0x00000000d6e80000)
  from space 4096K, 89% used [0x00000000d7280000,0x00000000d7616118,0x00000000d7680000)
  to   space 4096K, 0% used [0x00000000d6e80000,0x00000000d6e80000,0x00000000d7280000)
 ParOldGen       total 68608K, used 1187K [0x0000000080000000, 0x0000000084300000, 0x00000000d5580000)Event: 6.909 {heap After GC invocations=3 (full 0):
 PSYoungGen      total 29696K, used 4093K [0x00000000d5580000, 0x00000000d7680000, 0x0000000100000000)
  eden space 25600K, 0% used [0x00000000d5580000,0x00000000d5580000,0x00000000d6e80000)
  from space 4096K, 99% used [0x00000000d6e80000,0x00000000d727f538,0x00000000d7280000)
  to   space 4096K, 0% used [0x00000000d7280000,0x00000000d7280000,0x00000000d7680000)
 ParOldGen       total 68608K, used 5501K [0x0000000080000000, 0x0000000084300000, 0x00000000d5580000)
  oEvent: 7.966 {heap Before GC invocations=4 (full 0):
 PSYoungGen      total 29696K, used 29693K [0x00000000d5580000, 0x00000000d7680000, 0x0000000100000000)
  eden space 25600K, 99% used [0x00000000d5580000,0x00000000d6e7ffd0,0x00000000d6e80000)
  from space 4096K, 99% used [0x00000000d6e80000,0x00000000d727f538,0x00000000d7280000)
  to   space 4096K, 0% used [0x00000000d7280000,0x00000000d7280000,0x00000000d7680000)
 ParOldGen       total 68608K, used 5501K [0x0000000080000000, 0x0000000084300000, 0x00000000d5580000)
Event: 7.974 {heap After GC invocations=4 (full 0):
 PSYoungGen      total 29696K, used 4064K [0x00000000d5580000, 0x00000000d7680000, 0x0000000100000000)
  eden space 25600K, 0% used [0x00000000d5580000,0x00000000d5580000,0x00000000d6e80000)
  from space 4096K, 99% used [0x00000000d7280000,0x00000000d76782f8,0x00000000d7680000)
  to   space 4096K, 0% used [0x00000000d6e80000,0x00000000d6e80000,0x00000000d7280000)
 ParOldGen       total 68608K, used 6933K [0x0000000080000000, 0x0000000084300000, 0x00000000d5580000)
  oEvent: 9.747 {heap Before GC invocations=5 (full 0):
 PSYoungGen      total 29696K, used 29664K [0x00000000d5580000, 0x00000000d7680000, 0x0000000100000000)
  eden space 25600K, 100% used [0x00000000d5580000,0x00000000d6e80000,0x00000000d6e80000)
  from space 4096K, 99% used [0x00000000d7280000,0x00000000d76782f8,0x00000000d7680000)
  to   space 4096K, 0% used [0x00000000d6e80000,0x00000000d6e80000,0x00000000d7280000)
 ParOldGen       total 68608K, used 6933K [0x0000000080000000, 0x0000000084300000, 0x00000000d5580000)Event: 9.755 {heap After GC invocations=5 (full 0):
 PSYoungGen      total 29184K, used 4071K [0x00000000d5580000, 0x00000000d7900000, 0x0000000100000000)
  eden space 25088K, 0% used [0x00000000d5580000,0x00000000d5580000,0x00000000d6e00000)
  from space 4096K, 99% used [0x00000000d6e80000,0x00000000d7279fc0,0x00000000d7280000)
  to   space 5632K, 0% used [0x00000000d7380000,0x00000000d7380000,0x00000000d7900000)
 ParOldGen       total 68608K, used 7509K [0x0000000080000000, 0x0000000084300000, 0x00000000d5580000)
  oEvent: 11.062 {heap Before GC invocations=6 (full 0):
 PSYoungGen      total 29184K, used 29159K [0x00000000d5580000, 0x00000000d7900000, 0x0000000100000000)
  eden space 25088K, 100% used [0x00000000d5580000,0x00000000d6e00000,0x00000000d6e00000)
  from space 4096K, 99% used [0x00000000d6e80000,0x00000000d7279fc0,0x00000000d7280000)
  to   space 5632K, 0% used [0x00000000d7380000,0x00000000d7380000,0x00000000d7900000)
 ParOldGen       total 68608K, used 7509K [0x0000000080000000, 0x0000000084300000, 0x00000000d5580000)Event: 11.072 {heap After GC invocations=6 (full 0):
 PSYoungGen      total 30208K, used 5599K [0x00000000d5580000, 0x00000000d7980000, 0x0000000100000000)
  eden space 24576K, 0% used [0x00000000d5580000,0x00000000d5580000,0x00000000d6d80000)
  from space 5632K, 99% used [0x00000000d7380000,0x00000000d78f7de0,0x00000000d7900000)
  to   space 6144K, 0% used [0x00000000d6d80000,0x00000000d6d80000,0x00000000d7380000)
 ParOldGen       total 68608K, used 7581K [0x0000000080000000, 0x0000000084300000, 0x00000000d5580000)
  oEvent: 12.252 {heap Before GC invocations=7 (full 0):
 PSYoungGen      total 30208K, used 30175K [0x00000000d5580000, 0x00000000d7980000, 0x0000000100000000)
  eden space 24576K, 100% used [0x00000000d5580000,0x00000000d6d80000,0x00000000d6d80000)
  from space 5632K, 99% used [0x00000000d7380000,0x00000000d78f7de0,0x00000000d7900000)
  to   space 6144K, 0% used [0x00000000d6d80000,0x00000000d6d80000,0x00000000d7380000)
 ParOldGen       total 68608K, used 7581K [0x0000000080000000, 0x0000000084300000, 0x00000000d5580000)Event: 12.263 {heap After GC invocations=7 (full 0):
 PSYoungGen      total 29696K, used 5510K [0x00000000d5580000, 0x00000000d7800000, 0x0000000100000000)
  eden space 24064K, 0% used [0x00000000d5580000,0x00000000d5580000,0x00000000d6d00000)
  from space 5632K, 97% used [0x00000000d6d80000,0x00000000d72e19e0,0x00000000d7300000)
  to   space 5120K, 0% used [0x00000000d7300000,0x00000000d7300000,0x00000000d7800000)
 ParOldGen       total 68608K, used 8828K [0x0000000080000000, 0x0000000084300000, 0x00000000d5580000)
  o
Metaspace Usage History (14 events):
Event: 3.113 {metaspace Before GC invocations=1 (full 0):
 Metaspace       used 4236K, committed 4544K, reserved 1114112K
  class space    used 360K, committed 512K, reserved 1048576K
}
Event: 3.378 {metaspace After GC invocations=1 (full 0):
 Metaspace       used 4236K, committed 4544K, reserved 1114112K
  class space    used 360K, committed 512K, reserved 1048576K
}
Event: 4.971 {metaspace Before GC invocations=2 (full 0):
 Metaspace       used 8174K, committed 8512K, reserved 1114112K
  class space    used 690K, committed 832K, reserved 1048576K
}
Event: 4.978 {metaspace After GC invocations=2 (full 0):
 Metaspace       used 8174K, committed 8512K, reserved 1114112K
  class space    used 690K, committed 832K, reserved 1048576K
}
Event: 6.900 {metaspace Before GC invocations=3 (full 0):
 Metaspace       used 8668K, committed 8960K, reserved 1114112K
  class space    used 724K, committed 832K, reserved 1048576K
}
Event: 6.909 {metaspace After GC invocations=3 (full 0):
 Metaspace       used 8668K, committed 8960K, reserved 1114112K
  class space    used 724K, committed 832K, reserved 1048576K
}
Event: 7.967 {metaspace Before GC invocations=4 (full 0):
 Metaspace       used 9913K, committed 10240K, reserved 1114112K
  class space    used 840K, committed 1024K, reserved 1048576K
}
Event: 7.974 {metaspace After GC invocations=4 (full 0):
 Metaspace       used 9913K, committed 10240K, reserved 1114112K
  class space    used 840K, committed 1024K, reserved 1048576K
}
Event: 9.747 {metaspace Before GC invocations=5 (full 0):
 Metaspace       used 11450K, committed 11776K, reserved 1114112K
  class space    used 954K, committed 1088K, reserved 1048576K
}
Event: 9.755 {metaspace After GC invocations=5 (full 0):
 Metaspace       used 11450K, committed 11776K, reserved 1114112K
  class space    used 954K, committed 1088K, reserved 1048576K
}
Event: 11.062 {metaspace Before GC invocations=6 (full 0):
 Metaspace       used 15002K, committed 15488K, reserved 1114112K
  class space    used 1202K, committed 1408K, reserved 1048576K
}
Event: 11.072 {metaspace After GC invocations=6 (full 0):
 Metaspace       used 15002K, committed 15488K, reserved 1114112K
  class space    used 1202K, committed 1408K, reserved 1048576K
}
Event: 12.252 {metaspace Before GC invocations=7 (full 0):
 Metaspace       used 18727K, committed 19392K, reserved 1114112K
  class space    used 1543K, committed 1792K, reserved 1048576K
}
Event: 12.263 {metaspace After GC invocations=7 (full 0):
 Metaspace       used 18727K, committed 19392K, reserved 1114112K
  class space    used 1543K, committed 1792K, reserved 1048576K
}

