# JRE version: OpenJDK Runtime Environment Temurin-25.0.1+8 (25.0.1+8) (build 25.0.1+8-LTS)
# Java VM: OpenJDK 64-Bit Server VM Temurin-25.0.1+8 (25.0.1+8-LTS, mixed mode, sharing, tiered, compressed oops, compressed class ptrs, parallel gc, windows-amd64)
GC Precious Log:
 CardTable entry size: 512
 CPUs: 4 total, 4 available
 Memory: 7843M
 Large Page Support: Disabled
 NUMA Support: Disabled
 Compressed Oops: Enabled (32-bit)
 Alignments: Space 512K, Generation 512K, Heap 2M
 Heap Min Capacity: 100M
 Heap Initial Capacity: 100M
 Heap Max Capacity: 2G
 Pre-touch: Disabled
 Parallel Workers: 4
Heap:
 PSYoungGen      total 29696K, used 15887K [0x00000000d5580000, 0x00000000d7800000, 0x0000000100000000)
  eden space 26112K, 47% used [0x00000000d5580000,0x00000000d618ba48,0x00000000d6f00000)
  from space 3584K, 99% used [0x00000000d6f80000,0x00000000d72f8328,0x00000000d7300000)
  to   space 4608K, 0% used [0x00000000d7380000,0x00000000d7380000,0x00000000d7800000)
 ParOldGen       total 68608K, used 11115K [0x0000000080000000, 0x0000000084300000, 0x00000000d5580000)
  object space 68608K, 16% used [0x0000000080000000,0x0000000080adaea0,0x0000000084300000)
GC Heap Usage History (16 events):
Event: 3.072 {heap Before GC invocations=1 (full 0):
 PSYoungGen      total 29696K, used 25514K [0x00000000d5580000, 0x00000000d7680000, 0x0000000100000000)
  eden space 25600K, 99% used [0x00000000d5580000,0x00000000d6e6aa78,0x00000000d6e80000)
  from space 4096K, 0% used [0x00000000d7280000,0x00000000d7280000,0x00000000d7680000)
  to   space 4096K, 0% used [0x00000000d6e80000,0x00000000d6e80000,0x00000000d7280000)
 ParOldGen       total 68608K, used 1171K [0x0000000080000000, 0x0000000084300000, 0x00000000d5580000)
 Event: 3.604 {heap After GC invocations=1 (full 0):
 PSYoungGen      total 29696K, used 2947K [0x00000000d5580000, 0x00000000d7680000, 0x0000000100000000)
  eden space 25600K, 0% used [0x00000000d5580000,0x00000000d5580000,0x00000000d6e80000)
  from space 4096K, 71% used [0x00000000d6e80000,0x00000000d7160df0,0x00000000d7280000)
  to   space 4096K, 0% used [0x00000000d7280000,0x00000000d7280000,0x00000000d7680000)
 ParOldGen       total 68608K, used 1179K [0x0000000080000000, 0x0000000084300000, 0x00000000d5580000)
  oEvent: 5.341 {heap Before GC invocations=2 (full 0):
 PSYoungGen      total 29696K, used 28547K [0x00000000d5580000, 0x00000000d7680000, 0x0000000100000000)
  eden space 25600K, 100% used [0x00000000d5580000,0x00000000d6e80000,0x00000000d6e80000)
  from space 4096K, 71% used [0x00000000d6e80000,0x00000000d7160df0,0x00000000d7280000)
  to   space 4096K, 0% used [0x00000000d7280000,0x00000000d7280000,0x00000000d7680000)
 ParOldGen       total 68608K, used 1179K [0x0000000080000000, 0x0000000084300000, 0x00000000d5580000)Event: 5.349 {heap After GC invocations=2 (full 0):
 PSYoungGen      total 29696K, used 3688K [0x00000000d5580000, 0x00000000d7680000, 0x0000000100000000)
  eden space 25600K, 0% used [0x00000000d5580000,0x00000000d5580000,0x00000000d6e80000)
  from space 4096K, 90% used [0x00000000d7280000,0x00000000d761a128,0x00000000d7680000)
  to   space 4096K, 0% used [0x00000000d6e80000,0x00000000d6e80000,0x00000000d7280000)
 ParOldGen       total 68608K, used 1187K [0x0000000080000000, 0x0000000084300000, 0x00000000d5580000)
  oEvent: 6.821 {heap Before GC invocations=3 (full 0):
 PSYoungGen      total 29696K, used 29288K [0x00000000d5580000, 0x00000000d7680000, 0x0000000100000000)
  eden space 25600K, 100% used [0x00000000d5580000,0x00000000d6e80000,0x00000000d6e80000)
  from space 4096K, 90% used [0x00000000d7280000,0x00000000d761a128,0x00000000d7680000)
  to   space 4096K, 0% used [0x00000000d6e80000,0x00000000d6e80000,0x00000000d7280000)
 ParOldGen       total 68608K, used 1187K [0x0000000080000000, 0x0000000084300000, 0x00000000d5580000)Event: 6.828 {heap After GC invocations=3 (full 0):
 PSYoungGen      total 29696K, used 4073K [0x00000000d5580000, 0x00000000d7680000, 0x0000000100000000)
  eden space 25600K, 0% used [0x00000000d5580000,0x00000000d5580000,0x00000000d6e80000)
  from space 4096K, 99% used [0x00000000d6e80000,0x00000000d727a680,0x00000000d7280000)
  to   space 4096K, 0% used [0x00000000d7280000,0x00000000d7280000,0x00000000d7680000)
 ParOldGen       total 68608K, used 3753K [0x0000000080000000, 0x0000000084300000, 0x00000000d5580000)
  oEvent: 8.570 {heap Before GC invocations=4 (full 0):
 PSYoungGen      total 29696K, used 29673K [0x00000000d5580000, 0x00000000d7680000, 0x0000000100000000)
  eden space 25600K, 100% used [0x00000000d5580000,0x00000000d6e80000,0x00000000d6e80000)
  from space 4096K, 99% used [0x00000000d6e80000,0x00000000d727a680,0x00000000d7280000)
  to   space 4096K, 0% used [0x00000000d7280000,0x00000000d7280000,0x00000000d7680000)
 ParOldGen       total 68608K, used 3753K [0x0000000080000000, 0x0000000084300000, 0x00000000d5580000)Event: 8.578 {heap After GC invocations=4 (full 0):
 PSYoungGen      total 29696K, used 4090K [0x00000000d5580000, 0x00000000d7680000, 0x0000000100000000)
  eden space 25600K, 0% used [0x00000000d5580000,0x00000000d5580000,0x00000000d6e80000)
  from space 4096K, 99% used [0x00000000d7280000,0x00000000d767ebc0,0x00000000d7680000)
  to   space 4096K, 0% used [0x00000000d6e80000,0x00000000d6e80000,0x00000000d7280000)
 ParOldGen       total 68608K, used 5282K [0x0000000080000000, 0x0000000084300000, 0x00000000d5580000)
  oEvent: 9.914 {heap Before GC invocations=5 (full 0):
 PSYoungGen      total 29696K, used 29690K [0x00000000d5580000, 0x00000000d7680000, 0x0000000100000000)
  eden space 25600K, 100% used [0x00000000d5580000,0x00000000d6e80000,0x00000000d6e80000)
  from space 4096K, 99% used [0x00000000d7280000,0x00000000d767ebc0,0x00000000d7680000)
  to   space 4096K, 0% used [0x00000000d6e80000,0x00000000d6e80000,0x00000000d7280000)
 ParOldGen       total 68608K, used 5282K [0x0000000080000000, 0x0000000084300000, 0x00000000d5580000)Event: 10.064 {heap After GC invocations=5 (full 0):
 PSYoungGen      total 29184K, used 4085K [0x00000000d5580000, 0x00000000d7900000, 0x0000000100000000)
  eden space 25088K, 0% used [0x00000000d5580000,0x00000000d5580000,0x00000000d6e00000)
  from space 4096K, 99% used [0x00000000d6e80000,0x00000000d727d5b8,0x00000000d7280000)
  to   space 5632K, 0% used [0x00000000d7380000,0x00000000d7380000,0x00000000d7900000)
 ParOldGen       total 68608K, used 6646K [0x0000000080000000, 0x0000000084300000, 0x00000000d5580000)
  oEvent: 10.624 {heap Before GC invocations=6 (full 1):
 PSYoungGen      total 29184K, used 28604K [0x00000000d5580000, 0x00000000d7900000, 0x0000000100000000)
  eden space 25088K, 97% used [0x00000000d5580000,0x00000000d6d71b00,0x00000000d6e00000)
  from space 4096K, 99% used [0x00000000d6e80000,0x00000000d727d5b8,0x00000000d7280000)
  to   space 5632K, 0% used [0x00000000d7380000,0x00000000d7380000,0x00000000d7900000)
 ParOldGen       total 68608K, used 6646K [0x0000000080000000, 0x0000000084300000, 0x00000000d5580000)
Event: 10.665 {heap After GC invocations=6 (full 1):
 PSYoungGen      total 29184K, used 0K [0x00000000d5580000, 0x00000000d7900000, 0x0000000100000000)
  eden space 25088K, 0% used [0x00000000d5580000,0x00000000d5580000,0x00000000d6e00000)
  from space 4096K, 0% used [0x00000000d6e80000,0x00000000d6e80000,0x00000000d7280000)
  to   space 5632K, 0% used [0x00000000d7380000,0x00000000d7380000,0x00000000d7900000)
 ParOldGen       total 68608K, used 10818K [0x0000000080000000, 0x0000000084300000, 0x00000000d5580000)
  objeEvent: 11.242 {heap Before GC invocations=7 (full 1):
 PSYoungGen      total 29184K, used 25088K [0x00000000d5580000, 0x00000000d7900000, 0x0000000100000000)
  eden space 25088K, 100% used [0x00000000d5580000,0x00000000d6e00000,0x00000000d6e00000)
  from space 4096K, 0% used [0x00000000d6e80000,0x00000000d6e80000,0x00000000d7280000)
  to   space 5632K, 0% used [0x00000000d7380000,0x00000000d7380000,0x00000000d7900000)
 ParOldGen       total 68608K, used 10818K [0x0000000080000000, 0x0000000084300000, 0x00000000d5580000)Event: 11.244 {heap After GC invocations=7 (full 1):
 PSYoungGen      total 29696K, used 1928K [0x00000000d5580000, 0x00000000d7680000, 0x0000000100000000)
  eden space 26624K, 0% used [0x00000000d5580000,0x00000000d5580000,0x00000000d6f80000)
  from space 3072K, 62% used [0x00000000d7380000,0x00000000d75622b0,0x00000000d7680000)
  to   space 3584K, 0% used [0x00000000d6f80000,0x00000000d6f80000,0x00000000d7300000)
 ParOldGen       total 68608K, used 10826K [0x0000000080000000, 0x0000000084300000, 0x00000000d5580000)
  Event: 12.742 {heap Before GC invocations=8 (full 1):
 PSYoungGen      total 29696K, used 28547K [0x00000000d5580000, 0x00000000d7680000, 0x0000000100000000)
  eden space 26624K, 99% used [0x00000000d5580000,0x00000000d6f7ea50,0x00000000d6f80000)
  from space 3072K, 62% used [0x00000000d7380000,0x00000000d75622b0,0x00000000d7680000)
  to   space 3584K, 0% used [0x00000000d6f80000,0x00000000d6f80000,0x00000000d7300000)
 ParOldGen       total 68608K, used 10826K [0x0000000080000000, 0x0000000084300000, 0x00000000d5580000)Event: 12.748 {heap After GC invocations=8 (full 1):
 PSYoungGen      total 29696K, used 3552K [0x00000000d5580000, 0x00000000d7800000, 0x0000000100000000)
  eden space 26112K, 0% used [0x00000000d5580000,0x00000000d5580000,0x00000000d6f00000)
  from space 3584K, 99% used [0x00000000d6f80000,0x00000000d72f8328,0x00000000d7300000)
  to   space 4608K, 0% used [0x00000000d7380000,0x00000000d7380000,0x00000000d7800000)
 ParOldGen       total 68608K, used 11115K [0x0000000080000000, 0x0000000084300000, 0x00000000d5580000)
  
Metaspace Usage History (16 events):
Event: 3.072 {metaspace Before GC invocations=1 (full 0):
 Metaspace       used 4234K, committed 4544K, reserved 1114112K
  class space    used 360K, committed 512K, reserved 1048576K
}
Event: 3.604 {metaspace After GC invocations=1 (full 0):
 Metaspace       used 4234K, committed 4544K, reserved 1114112K
  class space    used 360K, committed 512K, reserved 1048576K
}
Event: 5.341 {metaspace Before GC invocations=2 (full 0):
 Metaspace       used 8207K, committed 8512K, reserved 1114112K
  class space    used 692K, committed 832K, reserved 1048576K
}
Event: 5.349 {metaspace After GC invocations=2 (full 0):
 Metaspace       used 8207K, committed 8512K, reserved 1114112K
  class space    used 692K, committed 832K, reserved 1048576K
}
Event: 6.821 {metaspace Before GC invocations=3 (full 0):
 Metaspace       used 9171K, committed 9472K, reserved 1114112K
  class space    used 764K, committed 896K, reserved 1048576K
}
Event: 6.828 {metaspace After GC invocations=3 (full 0):
 Metaspace       used 9171K, committed 9472K, reserved 1114112K
  class space    used 764K, committed 896K, reserved 1048576K
}
Event: 8.570 {metaspace Before GC invocations=4 (full 0):
 Metaspace       used 13703K, committed 14080K, reserved 1114112K
  class space    used 1111K, committed 1280K, reserved 1048576K
}
Event: 8.578 {metaspace After GC invocations=4 (full 0):
 Metaspace       used 13703K, committed 14080K, reserved 1114112K
  class space    used 1111K, committed 1280K, reserved 1048576K
}
Event: 9.914 {metaspace Before GC invocations=5 (full 0):
 Metaspace       used 17857K, committed 18368K, reserved 1114112K
  class space    used 1463K, committed 1664K, reserved 1048576K
}
Event: 10.064 {metaspace After GC invocations=5 (full 0):
 Metaspace       used 17857K, committed 18368K, reserved 1114112K
  class space    used 1463K, committed 1664K, reserved 1048576K
}
Event: 10.624 {metaspace Before GC invocations=6 (full 1):
 Metaspace       used 20973K, committed 21504K, reserved 1114112K
  class space    used 1618K, committed 1856K, reserved 1048576K
}
Event: 10.665 {metaspace After GC invocations=6 (full 1):
 Metaspace       used 20960K, committed 21504K, reserved 1114112K
  class space    used 1614K, committed 1856K, reserved 1048576K
}
Event: 11.242 {metaspace Before GC invocations=7 (full 1):
 Metaspace       used 23395K, committed 24000K, reserved 1114112K
  class space    used 1783K, committed 2048K, reserved 1048576K
}
Event: 11.244 {metaspace After GC invocations=7 (full 1):
 Metaspace       used 23395K, committed 24000K, reserved 1114112K
  class space    used 1783K, committed 2048K, reserved 1048576K
}
Event: 12.742 {metaspace Before GC invocations=8 (full 1):
 Metaspace       used 26981K, committed 27648K, reserved 1114112K
  class space    used 2092K, committed 2368K, reserved 1048576K
}
Event: 12.748 {metaspace After GC invocations=8 (full 1):
 Metaspace       used 26981K, committed 27648K, reserved 1114112K
  class space    used 2092K, committed 2368K, reserved 1048576K
}

